<?xml version="1.0" encoding="UTF-8"?>
<testsuite xmlns:xsi="http://www.w3.org/2001/XMLSchema-instance" xsi:noNamespaceSchemaLocation="https://maven.apache.org/surefire/maven-surefire-plugin/xsd/surefire-test-report-3.0.xsd" version="3.0" name="com.example.RestAPI.RestApiApplicationTests" time="1.24" tests="1" errors="0" skipped="0" failures="0">
  <properties>
[...]
</properties>
  <testcase name="contextLoads" classname="com.example.RestAPI.RestApiApplicationTests" time="0.436">
    <system-out><![CDATA[
  .   ____          _            __ _ _
 /\\ / ___'_ __ _ _(_)_ __  __ _ \ \ \ \
( ( )\___ | '_ | '_| | '_ \/ _` | \ \ \ \
 \\/  ___)| |_)| | | | | || (_| |  ) ) ) )
  '  |____| .__|_| |_|_| |_\__, | / / / /
 =========|_|==============|___/=/_/_/_/
 :: Spring Boot ::                (v3.2.1)

2024-01-28T22:11:52.156-03:00  INFO 17309 --- [           main] c.e.RestAPI.RestApiApplicationTests      : Starting RestApiApplicationTests using Java 21.0.1 with PID 17309 (started by joaopauloaramuni in /Users/joaopauloaramuni/Documents/WORKSPACE/PROJETOS_AAW/Fly_io_View_RestAPI)
2024-01-28T22:11:52.157-03:00  INFO 17309 --- [           main] c.e.RestAPI.RestApiApplicationTests      : No active profile set, falling back to 1 default profile: "default"
2024-01-28T22:11:52.558-03:00  INFO 17309 --- [           main] o.s.b.a.w.s.WelcomePageHandlerMapping    : Adding welcome page: class path resource [static/index.html]
2024-01-28T22:11:52.666-03:00  INFO 17309 --- [           main] c.e.RestAPI.RestApiApplicationTests      : Started RestApiApplicationTests in 0.615 seconds (process running for 1.06)
]]></system-out>
    <system-err><![CDATA[WARNING: A Java agent has been loaded dynamically (/Users/joaopauloaramuni/.m2/repository/net/bytebuddy/byte-buddy-agent/1.14.10/byte-buddy-agent-1.14.10.jar)
WARNING: If a serviceability tool is in use, please run with -XX:+EnableDynamicAgentLoading to hide this warning
WARNING: If a serviceability tool is not in use, please run with -Djdk.instrument.traceUsage for more information
WARNING: Dynamic loading of agents will be disallowed by default in a future release
]]></system-err>
  </testcase>
</testsuite>