-------------------------------------------------------------------------------
Test set: com.example.RestAPI.UserTests
-------------------------------------------------------------------------------
Tests run: 6, Failures: 1, Errors: 0, Skipped: 0, Time elapsed: 1.784 s <<< FAILURE! -- in com.example.RestAPI.UserTests
com.example.RestAPI.UserTests.testSimularErro -- Time elapsed: 0.039 s <<< FAILURE!
org.opentest4j.AssertionFailedError: O resultado da adição não é o esperado. ==> expected: <99> but was: <5>
	at org.junit.jupiter.api.AssertionFailureBuilder.build(AssertionFailureBuilder.java:151)
	at org.junit.jupiter.api.AssertionFailureBuilder.buildAndThrow(AssertionFailureBuilder.java:132)
	at org.junit.jupiter.api.AssertEquals.failNotEqual(AssertEquals.java:197)
	at org.junit.jupiter.api.AssertEquals.assertEquals(AssertEquals.java:150)
	at org.junit.jupiter.api.Assertions.assertEquals(Assertions.java:563)
	at com.example.RestAPI.UserTests.testSimularErro(UserTests.java:111)
	at java.base/java.lang.reflect.Method.invoke(Method.java:580)
	at java.base/java.util.ArrayList.forEach(ArrayList.java:1596)
	at java.base/java.util.ArrayList.forEach(ArrayList.java:1596)

